<?xml version="1.0" encoding="UTF-8"?>
<!-- Generated by org.testng.reporters.JUnitReportReporter -->
<testsuite hostname="ITG00490GU14577" name="com.ticketService.JunitTestITicketService" tests="7" failures="0" timestamp="15 Mar 2016 00:21:01 GMT" time="1.153" errors="0">
  <testcase name="findAndHoldSeats" time="0.001" classname="com.ticketService.JunitTestITicketService"/>
  <testcase name="numSeatsAvailableInitialCount" time="0.006" classname="com.ticketService.JunitTestITicketService"/>
  <testcase name="numSeatsAvailableIgnoreOnHoldSeats" time="0.005" classname="com.ticketService.JunitTestITicketService"/>
  <testcase name="reserveSeat" time="0.002" classname="com.ticketService.JunitTestITicketService"/>
  <testcase name="numOfSeatsAfterHoldOperation" time="0.003" classname="com.ticketService.JunitTestITicketService"/>
  <testcase name="loadApplicationContext" time="1.133" classname="com.ticketService.JunitTestITicketService"/>
  <testcase name="numSeatsAvailableWhenOnHoldRequestIsCancelled" time="0.003" classname="com.ticketService.JunitTestITicketService"/>
</testsuite> <!-- com.ticketService.JunitTestITicketService -->
