<?xml version="1.0" encoding="UTF-8"?>
<!-- Generated by org.testng.reporters.JUnitReportReporter -->
<testsuite hostname="ITG00490GU14577" name="com.ticketService.JunitTicketServiceApp" tests="1" failures="0" timestamp="15 Mar 2016 00:32:32 GMT" time="51.048" errors="0">
  <testcase name="validateSeatOrderStatistics" time="51.048" classname="com.ticketService.JunitTicketServiceApp"/>
</testsuite> <!-- com.ticketService.JunitTicketServiceApp -->
