<?xml version="1.0" encoding="UTF-8"?>
<!-- Generated by org.testng.reporters.JUnitReportReporter -->
<testsuite hostname="ITG00490GU14577" name="com.ticketService.JunitTestITicketService" tests="7" failures="0" timestamp="15 Mar 2016 00:33:31 GMT" time="1.024" errors="0">
  <testcase name="numSeatsAvailableInitialCount" time="0.007" classname="com.ticketService.JunitTestITicketService"/>
  <testcase name="numSeatsAvailableWhenOnHoldRequestIsCancelled" time="0.003" classname="com.ticketService.JunitTestITicketService"/>
  <testcase name="loadApplicationContext" time="0.989" classname="com.ticketService.JunitTestITicketService"/>
  <testcase name="numSeatsAvailableIgnoreOnHoldSeats" time="0.023" classname="com.ticketService.JunitTestITicketService"/>
  <testcase name="findAndHoldSeats" time="0.000" classname="com.ticketService.JunitTestITicketService"/>
  <testcase name="reserveSeat" time="0.001" classname="com.ticketService.JunitTestITicketService"/>
  <testcase name="numOfSeatsAfterHoldOperation" time="0.001" classname="com.ticketService.JunitTestITicketService"/>
</testsuite> <!-- com.ticketService.JunitTestITicketService -->
